<?xml version="1.0" encoding="UTF-8"?>
<testsuite xmlns:xsi="http://www.w3.org/2001/XMLSchema-instance" xsi:noNamespaceSchemaLocation="https://maven.apache.org/surefire/maven-surefire-plugin/xsd/surefire-test-report.xsd" version="3.0.2" name="com.cloudcart.CloudcartApplicationTests" time="2.421" tests="1" errors="0" skipped="0" failures="0">
  <properties>
[...]
</properties>
  <testcase name="contextLoads" classname="com.cloudcart.CloudcartApplicationTests" time="0.615">
    <system-out><![CDATA[14:42:24.498 [main] INFO org.springframework.test.context.support.AnnotationConfigContextLoaderUtils -- Could not detect default configuration classes for test class [com.cloudcart.CloudcartApplicationTests]: CloudcartApplicationTests does not declare any static, non-private, non-final, nested classes annotated with @Configuration.
14:42:24.615 [main] INFO org.springframework.boot.test.context.SpringBootTestContextBootstrapper -- Found @SpringBootConfiguration com.cloudcart.CloudCartApplication for test class com.cloudcart.CloudcartApplicationTests

  .   ____          _            __ _ _
 /\\ / ___'_ __ _ _(_)_ __  __ _ \ \ \ \
( ( )\___ | '_ | '_| | '_ \/ _` | \ \ \ \
 \\/  ___)| |_)| | | | | || (_| |  ) ) ) )
  '  |____| .__|_| |_|_| |_\__, | / / / /
 =========|_|==============|___/=/_/_/_/

 :: Spring Boot ::                (v3.5.6)

2026-07-27T14:42:25.056+05:30  INFO 29272 --- [CloudCart] [           main] c.cloudcart.CloudcartApplicationTests    : Starting CloudcartApplicationTests using Java 17.0.19 with PID 29272 (started by HR321 in C:\Users\hr321\Desktop\DevOps\cloudcart)
2026-07-27T14:42:25.056+05:30  INFO 29272 --- [CloudCart] [           main] c.cloudcart.CloudcartApplicationTests    : No active profile set, falling back to 1 default profile: "default"
2026-07-27T14:42:25.824+05:30  INFO 29272 --- [CloudCart] [           main] o.s.b.a.w.s.WelcomePageHandlerMapping    : Adding welcome page template: index
2026-07-27T14:42:26.166+05:30  INFO 29272 --- [CloudCart] [           main] c.cloudcart.CloudcartApplicationTests    : Started CloudcartApplicationTests in 1.368 seconds (process running for 2.24)
]]></system-out>
  </testcase>
</testsuite>